2021-06-04 14:28:29,713:INFO:PyCaret Supervised Module
2021-06-04 14:28:29,713:INFO:ML Usecase: regression
2021-06-04 14:28:29,713:INFO:version 2.3.0
2021-06-04 14:28:29,713:INFO:Initializing setup()
2021-06-04 14:28:29,714:INFO:setup(target=sentiment, ml_usecase=regression, available_plots={'parameter': 'Hyperparameters', 'residuals': 'Residuals', 'error': 'Prediction Error', 'cooks': 'Cooks Distance', 'rfe': 'Feature Selection', 'learning': 'Learning Curve', 'manifold': 'Manifold Learning', 'vc': 'Validation Curve', 'feature': 'Feature Importance', 'feature_all': 'Feature Importance (All)', 'tree': 'Decision Tree', 'residuals_interactive': 'Interactive Residuals'}, train_size=0.7, test_data=None, preprocess=True, imputation_type=simple, iterative_imputation_iters=5, categorical_features=None, categorical_imputation=constant, categorical_iterative_imputer=lightgbm, ordinal_features=None, high_cardinality_features=None, high_cardinality_method=frequency, numeric_features=None, numeric_imputation=mean, numeric_iterative_imputer=lightgbm, date_features=None, ignore_features=None, normalize=False, normalize_method=zscore, transformation=False, transformation_method=yeo-johnson, handle_unknown_categorical=True, unknown_categorical_method=least_frequent, pca=False, pca_method=linear, pca_components=None, ignore_low_variance=False, combine_rare_levels=False, rare_level_threshold=0.1, bin_numeric_features=None, remove_outliers=False, outliers_threshold=0.05, remove_multicollinearity=False, multicollinearity_threshold=0.9, remove_perfect_collinearity=True, create_clusters=False, cluster_iter=20, polynomial_features=False, polynomial_degree=2, trigonometry_features=False, polynomial_threshold=0.1, group_features=None, group_names=None, feature_selection=False, feature_selection_threshold=0.8, feature_selection_method=classic, feature_interaction=False, feature_ratio=False, interaction_threshold=0.01, fix_imbalance=False, fix_imbalance_method=None, transform_target=False, transform_target_method=box-cox, data_split_shuffle=True, data_split_stratify=False, fold_strategy=kfold, fold=10, fold_shuffle=False, fold_groups=None, n_jobs=-1, use_gpu=False, custom_pipeline=None, html=True, session_id=None, log_experiment=False, experiment_name=None, log_plots=False, log_profile=False, log_data=False, silent=False, verbose=True, profile=False, profile_kwargs=None, display=None)
2021-06-04 14:28:29,714:INFO:Checking environment
2021-06-04 14:28:29,714:INFO:python_version: 3.8.5
2021-06-04 14:28:29,714:INFO:python_build: ('default', 'Sep  3 2020 21:29:08')
2021-06-04 14:28:29,714:INFO:machine: AMD64
2021-06-04 14:28:29,714:INFO:platform: Windows-10-10.0.18362-SP0
2021-06-04 14:28:29,715:INFO:Memory: svmem(total=12761948160, available=5768613888, percent=54.8, used=6993334272, free=5768613888)
2021-06-04 14:28:29,715:INFO:Physical Core: 4
2021-06-04 14:28:29,715:INFO:Logical Core: 8
2021-06-04 14:28:29,715:INFO:Checking libraries
2021-06-04 14:28:29,715:INFO:pd==1.1.3
2021-06-04 14:28:29,715:INFO:numpy==1.19.5
2021-06-04 14:28:29,715:INFO:sklearn==0.23.2
2021-06-04 14:28:29,715:INFO:lightgbm==3.2.1
2021-06-04 14:28:31,846:INFO:catboost==0.25.1
2021-06-04 14:28:32,029:INFO:xgboost==1.3.3
2021-06-04 14:28:32,711:INFO:mlflow==1.15.0
2021-06-04 14:28:32,711:INFO:Checking Exceptions
2021-06-04 14:28:32,711:INFO:Declaring global variables
2021-06-04 14:28:32,711:INFO:USI: db03
2021-06-04 14:28:32,711:INFO:pycaret_globals: {'y_test', '_gpu_n_jobs_param', 'X_train', 'transform_target_param', 'iterative_imputation_iters_param', 'display_container', '_all_models_internal', 'y', 'seed', 'USI', 'fold_generator', 'fold_groups_param', 'imputation_regressor', 'pycaret_globals', 'data_before_preprocess', 'prep_pipe', 'target_param', '_ml_usecase', 'html_param', 'y_train', 'fix_imbalance_method_param', '_all_models', 'master_model_container', 'stratify_param', 'logging_param', '_available_plots', 'fold_param', 'transform_target_method_param', 'exp_name_log', '_all_metrics', 'gpu_param', 'log_plots_param', 'create_model_container', '_internal_pipeline', 'imputation_classifier', 'X', 'n_jobs_param', 'experiment__', 'fold_shuffle_param', 'fix_imbalance_param', 'X_test'}
2021-06-04 14:28:32,712:INFO:Preparing display monitor
2021-06-04 14:28:32,712:INFO:Preparing display monitor
2021-06-04 14:28:32,723:INFO:Importing libraries
2021-06-04 14:28:32,724:INFO:Copying data for preprocessing
2021-06-04 14:28:32,732:INFO:Declaring preprocessing parameters
2021-06-04 14:28:32,732:INFO:Creating preprocessing pipeline
2021-06-04 14:28:32,736:INFO:Preprocessing pipeline created successfully
2021-06-04 14:28:32,736:ERROR:(Process Exit): setup has been interupted with user command 'quit'. setup must rerun.
2021-06-04 14:28:32,736:INFO:Creating global containers
2021-06-04 14:28:32,738:INFO:Internal pipeline: Pipeline(memory=None, steps=[('empty_step', 'passthrough')], verbose=False)
2021-06-04 14:28:38,447:INFO:Creating grid variables
2021-06-04 14:28:38,469:INFO:create_model_container: 0
2021-06-04 14:28:38,469:INFO:master_model_container: 0
2021-06-04 14:28:38,469:INFO:display_container: 1
2021-06-04 14:28:38,474:INFO:Pipeline(memory=None,
         steps=[('dtypes',
                 DataTypes_Auto_infer(categorical_features=[],
                                      display_types=True, features_todrop=[],
                                      id_columns=[], ml_usecase='regression',
                                      numerical_features=[], target='sentiment',
                                      time_features=[])),
                ('imputer',
                 Simple_Imputer(categorical_strategy='not_available',
                                fill_value_categorical=None,
                                fill_value_numerical=None,
                                numeric_strate...
                ('scaling', 'passthrough'), ('P_transform', 'passthrough'),
                ('binn', 'passthrough'), ('rem_outliers', 'passthrough'),
                ('cluster_all', 'passthrough'),
                ('dummy', Dummify(target='sentiment')),
                ('fix_perfect', Remove_100(target='sentiment')),
                ('clean_names', Clean_Colum_Names()),
                ('feature_select', 'passthrough'), ('fix_multi', 'passthrough'),
                ('dfs', 'passthrough'), ('pca', 'passthrough')],
         verbose=False)
2021-06-04 14:28:38,474:INFO:setup() succesfully completed......................................
