2021-06-08 21:13:56,566:INFO:PyCaret Supervised Module
2021-06-08 21:13:56,566:INFO:ML Usecase: regression
2021-06-08 21:13:56,566:INFO:version 2.3.0
2021-06-08 21:13:56,566:INFO:Initializing setup()
2021-06-08 21:13:56,567:INFO:setup(target=sentiment, ml_usecase=regression, available_plots={'parameter': 'Hyperparameters', 'residuals': 'Residuals', 'error': 'Prediction Error', 'cooks': 'Cooks Distance', 'rfe': 'Feature Selection', 'learning': 'Learning Curve', 'manifold': 'Manifold Learning', 'vc': 'Validation Curve', 'feature': 'Feature Importance', 'feature_all': 'Feature Importance (All)', 'tree': 'Decision Tree', 'residuals_interactive': 'Interactive Residuals'}, train_size=0.7, test_data=None, preprocess=True, imputation_type=simple, iterative_imputation_iters=5, categorical_features=None, categorical_imputation=constant, categorical_iterative_imputer=lightgbm, ordinal_features=None, high_cardinality_features=None, high_cardinality_method=frequency, numeric_features=None, numeric_imputation=mean, numeric_iterative_imputer=lightgbm, date_features=None, ignore_features=None, normalize=False, normalize_method=zscore, transformation=False, transformation_method=yeo-johnson, handle_unknown_categorical=True, unknown_categorical_method=least_frequent, pca=False, pca_method=linear, pca_components=None, ignore_low_variance=False, combine_rare_levels=False, rare_level_threshold=0.1, bin_numeric_features=None, remove_outliers=False, outliers_threshold=0.05, remove_multicollinearity=False, multicollinearity_threshold=0.9, remove_perfect_collinearity=True, create_clusters=False, cluster_iter=20, polynomial_features=False, polynomial_degree=2, trigonometry_features=False, polynomial_threshold=0.1, group_features=None, group_names=None, feature_selection=False, feature_selection_threshold=0.8, feature_selection_method=classic, feature_interaction=False, feature_ratio=False, interaction_threshold=0.01, fix_imbalance=False, fix_imbalance_method=None, transform_target=False, transform_target_method=box-cox, data_split_shuffle=True, data_split_stratify=False, fold_strategy=kfold, fold=10, fold_shuffle=False, fold_groups=None, n_jobs=-1, use_gpu=False, custom_pipeline=None, html=True, session_id=None, log_experiment=False, experiment_name=None, log_plots=False, log_profile=False, log_data=False, silent=False, verbose=True, profile=False, profile_kwargs=None, display=None)
2021-06-08 21:13:56,567:INFO:Checking environment
2021-06-08 21:13:56,567:INFO:python_version: 3.8.5
2021-06-08 21:13:56,567:INFO:python_build: ('default', 'Sep  3 2020 21:29:08')
2021-06-08 21:13:56,567:INFO:machine: AMD64
2021-06-08 21:13:56,568:INFO:platform: Windows-10-10.0.18362-SP0
2021-06-08 21:13:56,568:INFO:Memory: svmem(total=12761948160, available=3540877312, percent=72.3, used=9221070848, free=3540877312)
2021-06-08 21:13:56,568:INFO:Physical Core: 4
2021-06-08 21:13:56,568:INFO:Logical Core: 8
2021-06-08 21:13:56,568:INFO:Checking libraries
2021-06-08 21:13:56,568:INFO:pd==1.1.3
2021-06-08 21:13:56,568:INFO:numpy==1.19.5
2021-06-08 21:13:56,568:INFO:sklearn==0.23.2
2021-06-08 21:13:56,568:INFO:lightgbm==3.2.1
2021-06-08 21:13:57,651:INFO:catboost==0.25.1
2021-06-08 21:13:58,056:INFO:xgboost==1.3.3
2021-06-08 21:13:59,505:INFO:mlflow==1.15.0
2021-06-08 21:13:59,505:INFO:Checking Exceptions
2021-06-08 21:13:59,505:INFO:Declaring global variables
2021-06-08 21:13:59,506:INFO:USI: 7af9
2021-06-08 21:13:59,506:INFO:pycaret_globals: {'X', 'y_train', 'fold_shuffle_param', 'fold_groups_param', 'html_param', 'display_container', 'experiment__', 'logging_param', 'exp_name_log', 'iterative_imputation_iters_param', 'seed', 'imputation_regressor', 'pycaret_globals', 'stratify_param', 'y_test', 'fix_imbalance_method_param', '_available_plots', 'USI', 'log_plots_param', 'create_model_container', 'imputation_classifier', '_all_metrics', 'n_jobs_param', '_all_models_internal', '_internal_pipeline', 'master_model_container', 'gpu_param', 'fold_param', 'y', 'target_param', 'fix_imbalance_param', 'data_before_preprocess', 'X_test', '_ml_usecase', 'fold_generator', 'prep_pipe', 'X_train', '_all_models', 'transform_target_method_param', 'transform_target_param', '_gpu_n_jobs_param'}
2021-06-08 21:13:59,506:INFO:Preparing display monitor
2021-06-08 21:13:59,506:INFO:Preparing display monitor
2021-06-08 21:13:59,586:INFO:Importing libraries
2021-06-08 21:13:59,586:INFO:Copying data for preprocessing
2021-06-08 21:13:59,614:INFO:Declaring preprocessing parameters
2021-06-08 21:13:59,615:INFO:Creating preprocessing pipeline
2021-06-08 21:13:59,677:INFO:Preprocessing pipeline created successfully
2021-06-08 21:13:59,677:ERROR:(Process Exit): setup has been interupted with user command 'quit'. setup must rerun.
2021-06-08 21:13:59,677:INFO:Creating global containers
2021-06-08 21:13:59,719:INFO:Internal pipeline: Pipeline(memory=None, steps=[('empty_step', 'passthrough')], verbose=False)
2021-06-08 21:14:40,986:INFO:Creating grid variables
2021-06-08 21:14:41,063:INFO:create_model_container: 0
2021-06-08 21:14:41,063:INFO:master_model_container: 0
2021-06-08 21:14:41,063:INFO:display_container: 1
2021-06-08 21:14:41,069:INFO:Pipeline(memory=None,
         steps=[('dtypes',
                 DataTypes_Auto_infer(categorical_features=[],
                                      display_types=True, features_todrop=[],
                                      id_columns=[], ml_usecase='regression',
                                      numerical_features=[], target='sentiment',
                                      time_features=[])),
                ('imputer',
                 Simple_Imputer(categorical_strategy='not_available',
                                fill_value_categorical=None,
                                fill_value_numerical=None,
                                numeric_strate...
                ('scaling', 'passthrough'), ('P_transform', 'passthrough'),
                ('binn', 'passthrough'), ('rem_outliers', 'passthrough'),
                ('cluster_all', 'passthrough'),
                ('dummy', Dummify(target='sentiment')),
                ('fix_perfect', Remove_100(target='sentiment')),
                ('clean_names', Clean_Colum_Names()),
                ('feature_select', 'passthrough'), ('fix_multi', 'passthrough'),
                ('dfs', 'passthrough'), ('pca', 'passthrough')],
         verbose=False)
2021-06-08 21:14:41,069:INFO:setup() succesfully completed......................................
2021-06-10 12:03:52,708:INFO:PyCaret Supervised Module
2021-06-10 12:03:52,709:INFO:ML Usecase: regression
2021-06-10 12:03:52,709:INFO:version 2.3.0
2021-06-10 12:03:52,710:INFO:Initializing setup()
2021-06-10 12:03:52,710:INFO:setup(target=sentiment, ml_usecase=regression, available_plots={'parameter': 'Hyperparameters', 'residuals': 'Residuals', 'error': 'Prediction Error', 'cooks': 'Cooks Distance', 'rfe': 'Feature Selection', 'learning': 'Learning Curve', 'manifold': 'Manifold Learning', 'vc': 'Validation Curve', 'feature': 'Feature Importance', 'feature_all': 'Feature Importance (All)', 'tree': 'Decision Tree', 'residuals_interactive': 'Interactive Residuals'}, train_size=0.7, test_data=None, preprocess=True, imputation_type=simple, iterative_imputation_iters=5, categorical_features=None, categorical_imputation=constant, categorical_iterative_imputer=lightgbm, ordinal_features=None, high_cardinality_features=None, high_cardinality_method=frequency, numeric_features=None, numeric_imputation=mean, numeric_iterative_imputer=lightgbm, date_features=None, ignore_features=None, normalize=False, normalize_method=zscore, transformation=False, transformation_method=yeo-johnson, handle_unknown_categorical=True, unknown_categorical_method=least_frequent, pca=False, pca_method=linear, pca_components=None, ignore_low_variance=False, combine_rare_levels=False, rare_level_threshold=0.1, bin_numeric_features=None, remove_outliers=False, outliers_threshold=0.05, remove_multicollinearity=False, multicollinearity_threshold=0.9, remove_perfect_collinearity=True, create_clusters=False, cluster_iter=20, polynomial_features=False, polynomial_degree=2, trigonometry_features=False, polynomial_threshold=0.1, group_features=None, group_names=None, feature_selection=False, feature_selection_threshold=0.8, feature_selection_method=classic, feature_interaction=False, feature_ratio=False, interaction_threshold=0.01, fix_imbalance=False, fix_imbalance_method=None, transform_target=False, transform_target_method=box-cox, data_split_shuffle=True, data_split_stratify=False, fold_strategy=kfold, fold=10, fold_shuffle=False, fold_groups=None, n_jobs=-1, use_gpu=False, custom_pipeline=None, html=True, session_id=None, log_experiment=False, experiment_name=None, log_plots=False, log_profile=False, log_data=False, silent=False, verbose=True, profile=False, profile_kwargs=None, display=None)
2021-06-10 12:03:52,710:INFO:Checking environment
2021-06-10 12:03:52,711:INFO:python_version: 3.8.5
2021-06-10 12:03:52,711:INFO:python_build: ('default', 'Sep  3 2020 21:29:08')
2021-06-10 12:03:52,711:INFO:machine: AMD64
2021-06-10 12:03:52,711:INFO:platform: Windows-10-10.0.18362-SP0
2021-06-10 12:03:52,712:INFO:Memory: svmem(total=12761948160, available=6139166720, percent=51.9, used=6622781440, free=6139166720)
2021-06-10 12:03:52,712:INFO:Physical Core: 4
2021-06-10 12:03:52,712:INFO:Logical Core: 8
2021-06-10 12:03:52,712:INFO:Checking libraries
2021-06-10 12:03:52,712:INFO:pd==1.1.3
2021-06-10 12:03:52,712:INFO:numpy==1.19.5
2021-06-10 12:03:52,712:INFO:sklearn==0.23.2
2021-06-10 12:03:52,713:INFO:lightgbm==3.2.1
2021-06-10 12:03:53,977:INFO:catboost==0.25.1
2021-06-10 12:03:54,475:INFO:xgboost==1.3.3
2021-06-10 12:03:56,328:INFO:mlflow==1.15.0
2021-06-10 12:03:56,329:INFO:Checking Exceptions
2021-06-10 12:03:56,330:INFO:Declaring global variables
2021-06-10 12:03:56,330:INFO:USI: 4127
2021-06-10 12:03:56,330:INFO:pycaret_globals: {'_all_models', 'X_train', 'fold_groups_param', 'master_model_container', 'y', 'fold_param', 'X_test', 'fix_imbalance_method_param', '_all_metrics', 'n_jobs_param', 'html_param', 'data_before_preprocess', 'pycaret_globals', 'USI', 'iterative_imputation_iters_param', 'transform_target_param', 'y_test', '_available_plots', 'display_container', '_all_models_internal', 'fold_shuffle_param', 'experiment__', 'X', '_ml_usecase', 'log_plots_param', 'imputation_classifier', 'fold_generator', 'fix_imbalance_param', 'transform_target_method_param', 'imputation_regressor', 'y_train', 'stratify_param', 'logging_param', 'create_model_container', 'seed', 'exp_name_log', 'gpu_param', 'target_param', '_internal_pipeline', '_gpu_n_jobs_param', 'prep_pipe'}
2021-06-10 12:03:56,331:INFO:Preparing display monitor
2021-06-10 12:03:56,331:INFO:Preparing display monitor
2021-06-10 12:03:56,362:INFO:Importing libraries
2021-06-10 12:03:56,362:INFO:Copying data for preprocessing
2021-06-10 12:03:56,386:INFO:Declaring preprocessing parameters
2021-06-10 12:03:56,387:INFO:Creating preprocessing pipeline
2021-06-10 12:03:56,394:INFO:Preprocessing pipeline created successfully
2021-06-10 12:03:56,395:ERROR:(Process Exit): setup has been interupted with user command 'quit'. setup must rerun.
2021-06-10 12:03:56,395:INFO:Creating global containers
2021-06-10 12:03:56,434:INFO:Internal pipeline: Pipeline(memory=None, steps=[('empty_step', 'passthrough')], verbose=False)
2021-06-10 12:03:59,547:INFO:Creating grid variables
2021-06-10 12:03:59,620:INFO:create_model_container: 0
2021-06-10 12:03:59,620:INFO:master_model_container: 0
2021-06-10 12:03:59,620:INFO:display_container: 1
2021-06-10 12:03:59,632:INFO:Pipeline(memory=None,
         steps=[('dtypes',
                 DataTypes_Auto_infer(categorical_features=[],
                                      display_types=True, features_todrop=[],
                                      id_columns=[], ml_usecase='regression',
                                      numerical_features=[], target='sentiment',
                                      time_features=[])),
                ('imputer',
                 Simple_Imputer(categorical_strategy='not_available',
                                fill_value_categorical=None,
                                fill_value_numerical=None,
                                numeric_strate...
                ('scaling', 'passthrough'), ('P_transform', 'passthrough'),
                ('binn', 'passthrough'), ('rem_outliers', 'passthrough'),
                ('cluster_all', 'passthrough'),
                ('dummy', Dummify(target='sentiment')),
                ('fix_perfect', Remove_100(target='sentiment')),
                ('clean_names', Clean_Colum_Names()),
                ('feature_select', 'passthrough'), ('fix_multi', 'passthrough'),
                ('dfs', 'passthrough'), ('pca', 'passthrough')],
         verbose=False)
2021-06-10 12:03:59,632:INFO:setup() succesfully completed......................................
